d:\projects_lixiaoguang\projects\delaunay_3d_gpu\delaunay_3d_gpu\x64\release\vc140.pdb
d:\projects_lixiaoguang\projects\delaunay_3d_gpu\delaunay_3d_gpu\x64\release\stdafx.obj
d:\projects_lixiaoguang\projects\delaunay_3d_gpu\delaunay_3d_gpu\x64\release\randgen.obj
d:\projects_lixiaoguang\projects\delaunay_3d_gpu\delaunay_3d_gpu\x64\release\inputcreator.obj
d:\projects_lixiaoguang\projects\delaunay_3d_gpu\delaunay_3d_gpu\x64\release\star.obj
d:\projects_lixiaoguang\projects\delaunay_3d_gpu\delaunay_3d_gpu\x64\release\splaying.obj
d:\projects_lixiaoguang\projects\delaunay_3d_gpu\delaunay_3d_gpu\x64\release\predwrapper.obj
d:\projects_lixiaoguang\projects\delaunay_3d_gpu\delaunay_3d_gpu\x64\release\predicates.obj
d:\projects_lixiaoguang\projects\delaunay_3d_gpu\delaunay_3d_gpu\x64\release\demo.obj
d:\projects_lixiaoguang\projects\delaunay_3d_gpu\delaunay_3d_gpu\x64\release\delaunaychecker.obj
d:\projects_lixiaoguang\projects\delaunay_3d_gpu\x64\release\delaunay_3d_gpu.exe
d:\projects_lixiaoguang\projects\delaunay_3d_gpu\x64\release\delaunay_3d_gpu.ipdb
d:\projects_lixiaoguang\projects\delaunay_3d_gpu\x64\release\delaunay_3d_gpu.iobj
d:\projects_lixiaoguang\projects\delaunay_3d_gpu\x64\release\delaunay_3d_gpu.pdb
d:\projects_lixiaoguang\projects\delaunay_3d_gpu\delaunay_3d_gpu\x64\release\gpudelaunay.cu.cache
d:\projects_lixiaoguang\projects\delaunay_3d_gpu\delaunay_3d_gpu\x64\release\kerdivision.cu.cache
d:\projects_lixiaoguang\projects\delaunay_3d_gpu\delaunay_3d_gpu\x64\release\kerpredicates.cu.cache
d:\projects_lixiaoguang\projects\delaunay_3d_gpu\delaunay_3d_gpu\x64\release\thrustwrapper.cu.cache
d:\projects_lixiaoguang\projects\delaunay_3d_gpu\delaunay_3d_gpu\x64\release\gpudelaunay.cu.obj
d:\projects_lixiaoguang\projects\delaunay_3d_gpu\delaunay_3d_gpu\x64\release\kerdivision.cu.obj
d:\projects_lixiaoguang\projects\delaunay_3d_gpu\delaunay_3d_gpu\x64\release\kerpredicates.cu.obj
d:\projects_lixiaoguang\projects\delaunay_3d_gpu\delaunay_3d_gpu\x64\release\thrustwrapper.cu.obj
d:\projects_lixiaoguang\projects\delaunay_3d_gpu\delaunay_3d_gpu\x64\release\delaunay_3d_gpu.tlog\cl.command.1.tlog
d:\projects_lixiaoguang\projects\delaunay_3d_gpu\delaunay_3d_gpu\x64\release\delaunay_3d_gpu.tlog\cl.read.1.tlog
d:\projects_lixiaoguang\projects\delaunay_3d_gpu\delaunay_3d_gpu\x64\release\delaunay_3d_gpu.tlog\cl.write.1.tlog
d:\projects_lixiaoguang\projects\delaunay_3d_gpu\delaunay_3d_gpu\x64\release\delaunay_3d_gpu.tlog\link.command.1.tlog
d:\projects_lixiaoguang\projects\delaunay_3d_gpu\delaunay_3d_gpu\x64\release\delaunay_3d_gpu.tlog\link.read.1.tlog
d:\projects_lixiaoguang\projects\delaunay_3d_gpu\delaunay_3d_gpu\x64\release\delaunay_3d_gpu.tlog\link.write.1.tlog
