d:\projects_lixiaoguang\projects\delaunay_2d_gpu\delaunay_2d_gpu\x64\debug\vc140.pdb
d:\projects_lixiaoguang\projects\delaunay_2d_gpu\delaunay_2d_gpu\x64\debug\vc140.idb
d:\projects_lixiaoguang\projects\delaunay_2d_gpu\delaunay_2d_gpu\x64\debug\delaunaychecker.obj
d:\projects_lixiaoguang\projects\delaunay_2d_gpu\delaunay_2d_gpu\x64\debug\predicates.obj
d:\projects_lixiaoguang\projects\delaunay_2d_gpu\delaunay_2d_gpu\x64\debug\predwrapper.obj
d:\projects_lixiaoguang\projects\delaunay_2d_gpu\delaunay_2d_gpu\x64\debug\hashtable.obj
d:\projects_lixiaoguang\projects\delaunay_2d_gpu\delaunay_2d_gpu\x64\debug\inputcreator.obj
d:\projects_lixiaoguang\projects\delaunay_2d_gpu\delaunay_2d_gpu\x64\debug\main.obj
d:\projects_lixiaoguang\projects\delaunay_2d_gpu\delaunay_2d_gpu\x64\debug\randgen.obj
d:\projects_lixiaoguang\projects\delaunay_2d_gpu\delaunay_2d_gpu\x64\debug\stdafx.obj
d:\projects_lixiaoguang\projects\delaunay_2d_gpu\delaunay_2d_gpu\x64\debug\visualizer.obj
d:\projects_lixiaoguang\projects\delaunay_2d_gpu\delaunay_2d_gpu\x64\debug\gpudelaunay.cu.cache
d:\projects_lixiaoguang\projects\delaunay_2d_gpu\delaunay_2d_gpu\x64\debug\gpudelaunay.cu.obj
d:\projects_lixiaoguang\projects\delaunay_2d_gpu\x64\debug\delaunay_2d_gpu.pdb
d:\projects_lixiaoguang\projects\delaunay_2d_gpu\delaunay_2d_gpu\x64\debug\delaunay_2d_gpu.tlog\cl.command.1.tlog
d:\projects_lixiaoguang\projects\delaunay_2d_gpu\delaunay_2d_gpu\x64\debug\delaunay_2d_gpu.tlog\cl.read.1.tlog
d:\projects_lixiaoguang\projects\delaunay_2d_gpu\delaunay_2d_gpu\x64\debug\delaunay_2d_gpu.tlog\cl.write.1.tlog
d:\projects_lixiaoguang\projects\delaunay_2d_gpu\delaunay_2d_gpu\x64\debug\delaunay_2d_gpu.tlog\link-cvtres.read.1.tlog
d:\projects_lixiaoguang\projects\delaunay_2d_gpu\delaunay_2d_gpu\x64\debug\delaunay_2d_gpu.tlog\link-cvtres.write.1.tlog
d:\projects_lixiaoguang\projects\delaunay_2d_gpu\delaunay_2d_gpu\x64\debug\delaunay_2d_gpu.tlog\link-rc.read.1.tlog
d:\projects_lixiaoguang\projects\delaunay_2d_gpu\delaunay_2d_gpu\x64\debug\delaunay_2d_gpu.tlog\link-rc.write.1.tlog
d:\projects_lixiaoguang\projects\delaunay_2d_gpu\delaunay_2d_gpu\x64\debug\delaunay_2d_gpu.tlog\link.command.1.tlog
d:\projects_lixiaoguang\projects\delaunay_2d_gpu\delaunay_2d_gpu\x64\debug\delaunay_2d_gpu.tlog\link.read.1.tlog
d:\projects_lixiaoguang\projects\delaunay_2d_gpu\delaunay_2d_gpu\x64\debug\delaunay_2d_gpu.tlog\link.write.1.tlog
