d:\projects_lixiaoguang\projects\delaunay_3d_gpu\delaunay_3d_gpu\x64\debug\vc140.pdb
d:\projects_lixiaoguang\projects\delaunay_3d_gpu\delaunay_3d_gpu\x64\debug\vc140.idb
d:\projects_lixiaoguang\projects\delaunay_3d_gpu\delaunay_3d_gpu\x64\debug\delaunaychecker.obj
d:\projects_lixiaoguang\projects\delaunay_3d_gpu\delaunay_3d_gpu\x64\debug\demo.obj
d:\projects_lixiaoguang\projects\delaunay_3d_gpu\delaunay_3d_gpu\x64\debug\predicates.obj
d:\projects_lixiaoguang\projects\delaunay_3d_gpu\delaunay_3d_gpu\x64\debug\predwrapper.obj
d:\projects_lixiaoguang\projects\delaunay_3d_gpu\delaunay_3d_gpu\x64\debug\splaying.obj
d:\projects_lixiaoguang\projects\delaunay_3d_gpu\delaunay_3d_gpu\x64\debug\star.obj
d:\projects_lixiaoguang\projects\delaunay_3d_gpu\delaunay_3d_gpu\x64\debug\inputcreator.obj
d:\projects_lixiaoguang\projects\delaunay_3d_gpu\delaunay_3d_gpu\x64\debug\randgen.obj
d:\projects_lixiaoguang\projects\delaunay_3d_gpu\delaunay_3d_gpu\x64\debug\stdafx.obj
d:\projects_lixiaoguang\projects\delaunay_3d_gpu\x64\debug\delaunay_3d_gpu.ilk
d:\projects_lixiaoguang\projects\delaunay_3d_gpu\x64\debug\delaunay_3d_gpu.exe
d:\projects_lixiaoguang\projects\delaunay_3d_gpu\x64\debug\delaunay_3d_gpu.pdb
d:\projects_lixiaoguang\projects\delaunay_3d_gpu\delaunay_3d_gpu\x64\debug\gpudelaunay.cu.cache
d:\projects_lixiaoguang\projects\delaunay_3d_gpu\delaunay_3d_gpu\x64\debug\kerdivision.cu.cache
d:\projects_lixiaoguang\projects\delaunay_3d_gpu\delaunay_3d_gpu\x64\debug\kerpredicates.cu.cache
d:\projects_lixiaoguang\projects\delaunay_3d_gpu\delaunay_3d_gpu\x64\debug\thrustwrapper.cu.cache
d:\projects_lixiaoguang\projects\delaunay_3d_gpu\delaunay_3d_gpu\x64\debug\gpudelaunay.cu.obj
d:\projects_lixiaoguang\projects\delaunay_3d_gpu\delaunay_3d_gpu\x64\debug\kerdivision.cu.obj
d:\projects_lixiaoguang\projects\delaunay_3d_gpu\delaunay_3d_gpu\x64\debug\kerpredicates.cu.obj
d:\projects_lixiaoguang\projects\delaunay_3d_gpu\delaunay_3d_gpu\x64\debug\thrustwrapper.cu.obj
d:\projects_lixiaoguang\projects\delaunay_3d_gpu\delaunay_3d_gpu\x64\debug\delaunay_3d_gpu.tlog\cl.command.1.tlog
d:\projects_lixiaoguang\projects\delaunay_3d_gpu\delaunay_3d_gpu\x64\debug\delaunay_3d_gpu.tlog\cl.read.1.tlog
d:\projects_lixiaoguang\projects\delaunay_3d_gpu\delaunay_3d_gpu\x64\debug\delaunay_3d_gpu.tlog\cl.write.1.tlog
d:\projects_lixiaoguang\projects\delaunay_3d_gpu\delaunay_3d_gpu\x64\debug\delaunay_3d_gpu.tlog\link.command.1.tlog
d:\projects_lixiaoguang\projects\delaunay_3d_gpu\delaunay_3d_gpu\x64\debug\delaunay_3d_gpu.tlog\link.read.1.tlog
d:\projects_lixiaoguang\projects\delaunay_3d_gpu\delaunay_3d_gpu\x64\debug\delaunay_3d_gpu.tlog\link.write.1.tlog
